{"level":"info","message":"Initializing...","timestamp":"2025-03-15T16:19:29.029Z"}
{"level":"info","message":"Starting IoC container initialization...","timestamp":"2025-03-15T16:19:29.032Z"}
{"level":"info","message":"1 Controller found","timestamp":"2025-03-15T16:19:29.032Z"}
{"level":"info","message":"Binding controller: DefaultController","timestamp":"2025-03-15T16:19:29.039Z"}
{"level":"info","message":"1 Service found","timestamp":"2025-03-15T16:19:29.039Z"}
{"level":"info","message":"Binding service: DefaultService","timestamp":"2025-03-15T16:19:29.040Z"}
{"level":"info","message":"IoC container initialization completed","timestamp":"2025-03-15T16:19:29.040Z"}
{"level":"info","message":"Configuring Express application...","timestamp":"2025-03-15T16:19:29.040Z"}
{"level":"info","message":"Binding routes for controller: DefaultController","timestamp":"2025-03-15T16:19:29.042Z"}
{"level":"info","message":"Express application configuration completed","timestamp":"2025-03-15T16:19:29.045Z"}
{"level":"info","message":"Application initialization completed","timestamp":"2025-03-15T16:19:29.045Z"}
{"level":"info","message":"<%app_name%> running on http://localhost:4000","timestamp":"2025-03-15T16:19:29.047Z"}
{"level":"info","message":"Initializing...","timestamp":"2025-03-15T16:20:56.828Z"}
{"level":"info","message":"Starting IoC container initialization...","timestamp":"2025-03-15T16:20:56.831Z"}
{"level":"info","message":"1 Controller found","timestamp":"2025-03-15T16:20:56.831Z"}
{"level":"info","message":"Binding controller: DefaultController","timestamp":"2025-03-15T16:20:56.837Z"}
{"level":"info","message":"1 Service found","timestamp":"2025-03-15T16:20:56.837Z"}
{"level":"info","message":"Binding service: DefaultService","timestamp":"2025-03-15T16:20:56.838Z"}
{"level":"info","message":"IoC container initialization completed","timestamp":"2025-03-15T16:20:56.838Z"}
{"level":"info","message":"Configuring Express application...","timestamp":"2025-03-15T16:20:56.838Z"}
{"level":"info","message":"Binding routes for controller: DefaultController","timestamp":"2025-03-15T16:20:56.840Z"}
{"level":"info","message":"Express application configuration completed","timestamp":"2025-03-15T16:20:56.852Z"}
{"level":"info","message":"Application initialization completed","timestamp":"2025-03-15T16:20:56.853Z"}
{"level":"info","message":"<%app_name%> running on http://localhost:4000","timestamp":"2025-03-15T16:20:56.886Z"}
{"level":"info","message":"Initializing...","timestamp":"2025-03-15T16:21:06.934Z"}
{"level":"info","message":"Starting IoC container initialization...","timestamp":"2025-03-15T16:21:06.936Z"}
{"level":"info","message":"1 Controller found","timestamp":"2025-03-15T16:21:06.937Z"}
{"level":"info","message":"Binding controller: DefaultController","timestamp":"2025-03-15T16:21:06.943Z"}
{"level":"info","message":"1 Service found","timestamp":"2025-03-15T16:21:06.943Z"}
{"level":"info","message":"Binding service: DefaultService","timestamp":"2025-03-15T16:21:06.944Z"}
{"level":"info","message":"IoC container initialization completed","timestamp":"2025-03-15T16:21:06.944Z"}
{"level":"info","message":"Configuring Express application...","timestamp":"2025-03-15T16:21:06.944Z"}
{"level":"info","message":"Binding routes for controller: DefaultController","timestamp":"2025-03-15T16:21:06.947Z"}
{"level":"info","message":"Express application configuration completed","timestamp":"2025-03-15T16:21:06.950Z"}
{"level":"info","message":"Application initialization completed","timestamp":"2025-03-15T16:21:06.950Z"}
{"level":"info","message":"<%app_name%> running on http://localhost:4000","timestamp":"2025-03-15T16:21:06.952Z"}
{"level":"info","message":"Initializing...","timestamp":"2025-03-15T16:21:26.511Z"}
{"level":"info","message":"Starting IoC container initialization...","timestamp":"2025-03-15T16:21:26.517Z"}
{"level":"info","message":"1 Controller found","timestamp":"2025-03-15T16:21:26.518Z"}
{"level":"info","message":"Binding controller: DefaultController","timestamp":"2025-03-15T16:21:26.527Z"}
{"level":"info","message":"1 Service found","timestamp":"2025-03-15T16:21:26.528Z"}
{"level":"info","message":"Binding service: DefaultService","timestamp":"2025-03-15T16:21:26.529Z"}
{"level":"info","message":"IoC container initialization completed","timestamp":"2025-03-15T16:21:26.529Z"}
{"level":"info","message":"Configuring Express application...","timestamp":"2025-03-15T16:21:26.529Z"}
{"level":"info","message":"Binding routes for controller: DefaultController","timestamp":"2025-03-15T16:21:26.535Z"}
{"level":"info","message":"Express application configuration completed","timestamp":"2025-03-15T16:21:26.539Z"}
{"level":"info","message":"Application initialization completed","timestamp":"2025-03-15T16:21:26.540Z"}
{"level":"info","message":"<%app_name%> running on http://localhost:4000","timestamp":"2025-03-15T16:21:26.543Z"}
{"level":"info","message":"Initializing...","timestamp":"2025-03-15T16:21:31.516Z"}
{"level":"info","message":"Starting IoC container initialization...","timestamp":"2025-03-15T16:21:31.519Z"}
{"level":"info","message":"1 Controller found","timestamp":"2025-03-15T16:21:31.520Z"}
{"level":"info","message":"Binding controller: DefaultController","timestamp":"2025-03-15T16:21:31.523Z"}
{"level":"info","message":"1 Service found","timestamp":"2025-03-15T16:21:31.524Z"}
{"level":"info","message":"Binding service: DefaultService","timestamp":"2025-03-15T16:21:31.525Z"}
{"level":"info","message":"IoC container initialization completed","timestamp":"2025-03-15T16:21:31.525Z"}
{"level":"info","message":"Configuring Express application...","timestamp":"2025-03-15T16:21:31.525Z"}
{"level":"info","message":"Binding routes for controller: DefaultController","timestamp":"2025-03-15T16:21:31.528Z"}
{"level":"info","message":"Express application configuration completed","timestamp":"2025-03-15T16:21:31.532Z"}
{"level":"info","message":"Application initialization completed","timestamp":"2025-03-15T16:21:31.532Z"}
{"level":"info","message":"<%app_name%> running on http://localhost:4000","timestamp":"2025-03-15T16:21:31.535Z"}
{"level":"info","message":"Initializing...","timestamp":"2025-03-15T16:21:36.324Z"}
{"level":"info","message":"Starting IoC container initialization...","timestamp":"2025-03-15T16:21:36.328Z"}
{"level":"info","message":"1 Controller found","timestamp":"2025-03-15T16:21:36.328Z"}
{"level":"info","message":"Binding controller: DefaultController","timestamp":"2025-03-15T16:21:36.333Z"}
{"level":"info","message":"1 Service found","timestamp":"2025-03-15T16:21:36.334Z"}
{"level":"info","message":"Binding service: DefaultService","timestamp":"2025-03-15T16:21:36.334Z"}
{"level":"info","message":"IoC container initialization completed","timestamp":"2025-03-15T16:21:36.335Z"}
{"level":"info","message":"Configuring Express application...","timestamp":"2025-03-15T16:21:36.335Z"}
{"level":"info","message":"Binding routes for controller: DefaultController","timestamp":"2025-03-15T16:21:36.338Z"}
{"level":"info","message":"Express application configuration completed","timestamp":"2025-03-15T16:21:36.342Z"}
{"level":"info","message":"Application initialization completed","timestamp":"2025-03-15T16:21:36.343Z"}
{"level":"info","message":"<%app_name%> running on http://localhost:4000","timestamp":"2025-03-15T16:21:36.345Z"}
{"level":"info","message":"Initializing...","timestamp":"2025-03-15T16:21:45.814Z"}
{"level":"info","message":"Starting IoC container initialization...","timestamp":"2025-03-15T16:21:45.817Z"}
{"level":"info","message":"1 Controller found","timestamp":"2025-03-15T16:21:45.817Z"}
{"level":"info","message":"Binding controller: DefaultController","timestamp":"2025-03-15T16:21:45.821Z"}
{"level":"info","message":"1 Service found","timestamp":"2025-03-15T16:21:45.822Z"}
{"level":"info","message":"Binding service: DefaultService","timestamp":"2025-03-15T16:21:45.822Z"}
{"level":"info","message":"IoC container initialization completed","timestamp":"2025-03-15T16:21:45.823Z"}
{"level":"info","message":"Configuring Express application...","timestamp":"2025-03-15T16:21:45.823Z"}
{"level":"info","message":"Binding routes for controller: DefaultController","timestamp":"2025-03-15T16:21:45.826Z"}
{"level":"info","message":"Express application configuration completed","timestamp":"2025-03-15T16:21:45.830Z"}
{"level":"info","message":"Application initialization completed","timestamp":"2025-03-15T16:21:45.831Z"}
{"level":"info","message":"<%app_name%> running on http://localhost:4000","timestamp":"2025-03-15T16:21:45.833Z"}
{"level":"info","message":"Initializing...","timestamp":"2025-03-15T16:21:49.038Z"}
{"level":"info","message":"Starting IoC container initialization...","timestamp":"2025-03-15T16:21:49.041Z"}
{"level":"info","message":"1 Controller found","timestamp":"2025-03-15T16:21:49.042Z"}
{"level":"info","message":"Binding controller: DefaultController","timestamp":"2025-03-15T16:21:49.048Z"}
{"level":"info","message":"1 Service found","timestamp":"2025-03-15T16:21:49.048Z"}
{"level":"info","message":"Binding service: DefaultService","timestamp":"2025-03-15T16:21:49.048Z"}
{"level":"info","message":"IoC container initialization completed","timestamp":"2025-03-15T16:21:49.049Z"}
{"level":"info","message":"Configuring Express application...","timestamp":"2025-03-15T16:21:49.049Z"}
{"level":"info","message":"Binding routes for controller: DefaultController","timestamp":"2025-03-15T16:21:49.051Z"}
{"level":"info","message":"Express application configuration completed","timestamp":"2025-03-15T16:21:49.055Z"}
{"level":"info","message":"Application initialization completed","timestamp":"2025-03-15T16:21:49.055Z"}
{"level":"info","message":"<%app_name%> running on http://localhost:4000","timestamp":"2025-03-15T16:21:49.057Z"}
{"level":"info","message":"Initializing...","timestamp":"2025-03-15T16:21:50.908Z"}
{"level":"info","message":"Starting IoC container initialization...","timestamp":"2025-03-15T16:21:50.912Z"}
{"level":"info","message":"1 Controller found","timestamp":"2025-03-15T16:21:50.912Z"}
{"level":"info","message":"Binding controller: DefaultController","timestamp":"2025-03-15T16:21:50.918Z"}
{"level":"info","message":"1 Service found","timestamp":"2025-03-15T16:21:50.918Z"}
{"level":"info","message":"Binding service: DefaultService","timestamp":"2025-03-15T16:21:50.919Z"}
{"level":"info","message":"IoC container initialization completed","timestamp":"2025-03-15T16:21:50.919Z"}
{"level":"info","message":"Configuring Express application...","timestamp":"2025-03-15T16:21:50.919Z"}
{"level":"info","message":"Binding routes for controller: DefaultController","timestamp":"2025-03-15T16:21:50.923Z"}
{"level":"info","message":"Express application configuration completed","timestamp":"2025-03-15T16:21:50.927Z"}
{"level":"info","message":"Application initialization completed","timestamp":"2025-03-15T16:21:50.927Z"}
{"level":"info","message":"<%app_name%> running on http://localhost:4000","timestamp":"2025-03-15T16:21:50.930Z"}
{"level":"info","message":"Initializing...","timestamp":"2025-03-15T16:22:05.590Z"}
{"level":"info","message":"Starting IoC container initialization...","timestamp":"2025-03-15T16:22:05.593Z"}
{"level":"info","message":"1 Controller found","timestamp":"2025-03-15T16:22:05.593Z"}
{"level":"info","message":"Binding controller: DefaultController","timestamp":"2025-03-15T16:22:05.597Z"}
{"level":"info","message":"1 Service found","timestamp":"2025-03-15T16:22:05.597Z"}
{"level":"info","message":"Binding service: DefaultService","timestamp":"2025-03-15T16:22:05.598Z"}
{"level":"info","message":"IoC container initialization completed","timestamp":"2025-03-15T16:22:05.598Z"}
{"level":"info","message":"Configuring Express application...","timestamp":"2025-03-15T16:22:05.598Z"}
{"level":"info","message":"Binding routes for controller: DefaultController","timestamp":"2025-03-15T16:22:05.601Z"}
{"level":"info","message":"Express application configuration completed","timestamp":"2025-03-15T16:22:05.604Z"}
{"level":"info","message":"Application initialization completed","timestamp":"2025-03-15T16:22:05.604Z"}
{"level":"info","message":"<%app_name%> running on http://localhost:4000","timestamp":"2025-03-15T16:22:05.606Z"}
{"level":"info","message":"[HTTP] \u001b[0mGET / \u001b[32m200\u001b[0m 4.134 ms - 3714\u001b[0m","timestamp":"2025-03-15T16:23:08.276Z"}
{"level":"info","message":"[HTTP] \u001b[0mGET /favicon.ico \u001b[33m404\u001b[0m 0.365 ms - 0\u001b[0m","timestamp":"2025-03-15T16:23:08.422Z"}
{"level":"info","message":"[HTTP] \u001b[0mGET / \u001b[36m304\u001b[0m 0.532 ms - -\u001b[0m","timestamp":"2025-03-15T16:23:09.491Z"}
{"level":"info","message":"[HTTP] \u001b[0mGET / \u001b[36m304\u001b[0m 0.247 ms - -\u001b[0m","timestamp":"2025-03-15T16:23:10.933Z"}
{"level":"info","message":"[HTTP] \u001b[0mGET / \u001b[36m304\u001b[0m 0.452 ms - -\u001b[0m","timestamp":"2025-03-15T16:23:12.297Z"}
{"level":"info","message":"[HTTP] \u001b[0mGET / \u001b[36m304\u001b[0m 0.256 ms - -\u001b[0m","timestamp":"2025-03-15T16:23:13.225Z"}
{"level":"info","message":"[HTTP] \u001b[0mGET / \u001b[36m304\u001b[0m 0.310 ms - -\u001b[0m","timestamp":"2025-03-15T16:23:14.983Z"}
{"level":"info","message":"[HTTP] \u001b[0mGET / \u001b[36m304\u001b[0m 0.288 ms - -\u001b[0m","timestamp":"2025-03-15T16:23:24.449Z"}
{"level":"info","message":"Initializing...","timestamp":"2025-03-15T16:24:48.599Z"}
{"level":"info","message":"Starting IoC container initialization...","timestamp":"2025-03-15T16:24:48.602Z"}
{"level":"info","message":"1 Controller found","timestamp":"2025-03-15T16:24:48.602Z"}
{"level":"info","message":"Binding controller: DefaultController","timestamp":"2025-03-15T16:24:48.608Z"}
{"level":"info","message":"1 Service found","timestamp":"2025-03-15T16:24:48.608Z"}
{"level":"info","message":"Binding service: DefaultService","timestamp":"2025-03-15T16:24:48.609Z"}
{"level":"info","message":"IoC container initialization completed","timestamp":"2025-03-15T16:24:48.609Z"}
{"level":"info","message":"Configuring Express application...","timestamp":"2025-03-15T16:24:48.609Z"}
{"level":"info","message":"Binding routes for controller: DefaultController","timestamp":"2025-03-15T16:24:48.612Z"}
{"level":"info","message":"Express application configuration completed","timestamp":"2025-03-15T16:24:48.615Z"}
{"level":"info","message":"Application initialization completed","timestamp":"2025-03-15T16:24:48.616Z"}
{"level":"info","message":"<%app_name%> running on http://localhost:4000","timestamp":"2025-03-15T16:24:48.619Z"}
{"level":"info","message":"Initializing...","timestamp":"2025-03-15T16:24:49.623Z"}
{"level":"info","message":"Starting IoC container initialization...","timestamp":"2025-03-15T16:24:49.626Z"}
{"level":"info","message":"1 Controller found","timestamp":"2025-03-15T16:24:49.626Z"}
{"level":"info","message":"Binding controller: DefaultController","timestamp":"2025-03-15T16:24:49.630Z"}
{"level":"info","message":"1 Service found","timestamp":"2025-03-15T16:24:49.631Z"}
{"level":"info","message":"Binding service: DefaultService","timestamp":"2025-03-15T16:24:49.631Z"}
{"level":"info","message":"IoC container initialization completed","timestamp":"2025-03-15T16:24:49.631Z"}
{"level":"info","message":"Configuring Express application...","timestamp":"2025-03-15T16:24:49.632Z"}
{"level":"info","message":"Binding routes for controller: DefaultController","timestamp":"2025-03-15T16:24:49.634Z"}
{"level":"info","message":"Express application configuration completed","timestamp":"2025-03-15T16:24:49.638Z"}
{"level":"info","message":"Application initialization completed","timestamp":"2025-03-15T16:24:49.638Z"}
{"level":"info","message":"<%app_name%> running on http://localhost:4000","timestamp":"2025-03-15T16:24:49.640Z"}
{"level":"info","message":"Initializing...","timestamp":"2025-03-15T16:25:05.717Z"}
{"level":"info","message":"Starting IoC container initialization...","timestamp":"2025-03-15T16:25:05.720Z"}
{"level":"info","message":"1 Controller found","timestamp":"2025-03-15T16:25:05.720Z"}
{"level":"info","message":"Binding controller: DefaultController","timestamp":"2025-03-15T16:25:05.725Z"}
{"level":"info","message":"1 Service found","timestamp":"2025-03-15T16:25:05.725Z"}
{"level":"info","message":"Binding service: DefaultService","timestamp":"2025-03-15T16:25:05.726Z"}
{"level":"info","message":"IoC container initialization completed","timestamp":"2025-03-15T16:25:05.726Z"}
{"level":"info","message":"Configuring Express application...","timestamp":"2025-03-15T16:25:05.726Z"}
{"level":"info","message":"Binding routes for controller: DefaultController","timestamp":"2025-03-15T16:25:05.729Z"}
{"level":"info","message":"Express application configuration completed","timestamp":"2025-03-15T16:25:05.733Z"}
{"level":"info","message":"Application initialization completed","timestamp":"2025-03-15T16:25:05.733Z"}
{"level":"info","message":"<%app_name%> running on http://localhost:4000","timestamp":"2025-03-15T16:25:05.736Z"}
{"level":"info","message":"Initializing...","timestamp":"2025-03-15T16:25:18.799Z"}
{"level":"info","message":"Starting IoC container initialization...","timestamp":"2025-03-15T16:25:18.804Z"}
{"level":"info","message":"1 Controller found","timestamp":"2025-03-15T16:25:18.804Z"}
{"level":"info","message":"Binding controller: DefaultController","timestamp":"2025-03-15T16:25:18.809Z"}
{"level":"info","message":"1 Service found","timestamp":"2025-03-15T16:25:18.810Z"}
{"level":"info","message":"Binding service: DefaultService","timestamp":"2025-03-15T16:25:18.810Z"}
{"level":"info","message":"IoC container initialization completed","timestamp":"2025-03-15T16:25:18.810Z"}
{"level":"info","message":"Configuring Express application...","timestamp":"2025-03-15T16:25:18.811Z"}
{"level":"info","message":"Binding routes for controller: DefaultController","timestamp":"2025-03-15T16:25:18.814Z"}
{"level":"info","message":"Express application configuration completed","timestamp":"2025-03-15T16:25:18.818Z"}
{"level":"info","message":"Application initialization completed","timestamp":"2025-03-15T16:25:18.819Z"}
{"level":"info","message":"<%app_name%> running on http://localhost:4000","timestamp":"2025-03-15T16:25:18.821Z"}
{"level":"info","message":"Initializing...","timestamp":"2025-03-15T16:25:28.510Z"}
{"level":"info","message":"Starting IoC container initialization...","timestamp":"2025-03-15T16:25:28.513Z"}
{"level":"info","message":"1 Controller found","timestamp":"2025-03-15T16:25:28.514Z"}
{"level":"info","message":"Binding controller: DefaultController","timestamp":"2025-03-15T16:25:28.520Z"}
{"level":"info","message":"1 Service found","timestamp":"2025-03-15T16:25:28.521Z"}
{"level":"info","message":"Binding service: DefaultService","timestamp":"2025-03-15T16:25:28.521Z"}
{"level":"info","message":"IoC container initialization completed","timestamp":"2025-03-15T16:25:28.522Z"}
{"level":"info","message":"Configuring Express application...","timestamp":"2025-03-15T16:25:28.522Z"}
{"level":"info","message":"Binding routes for controller: DefaultController","timestamp":"2025-03-15T16:25:28.525Z"}
{"level":"info","message":"Express application configuration completed","timestamp":"2025-03-15T16:25:28.529Z"}
{"level":"info","message":"Application initialization completed","timestamp":"2025-03-15T16:25:28.530Z"}
{"level":"info","message":"<%app_name%> running on http://localhost:4000","timestamp":"2025-03-15T16:25:28.533Z"}
{"level":"info","message":"Initializing...","timestamp":"2025-03-15T16:25:32.454Z"}
{"level":"info","message":"Starting IoC container initialization...","timestamp":"2025-03-15T16:25:32.457Z"}
{"level":"info","message":"1 Controller found","timestamp":"2025-03-15T16:25:32.457Z"}
{"level":"info","message":"Binding controller: DefaultController","timestamp":"2025-03-15T16:25:32.461Z"}
{"level":"info","message":"1 Service found","timestamp":"2025-03-15T16:25:32.462Z"}
{"level":"info","message":"Binding service: DefaultService","timestamp":"2025-03-15T16:25:32.462Z"}
{"level":"info","message":"IoC container initialization completed","timestamp":"2025-03-15T16:25:32.462Z"}
{"level":"info","message":"Configuring Express application...","timestamp":"2025-03-15T16:25:32.463Z"}
{"level":"info","message":"Binding routes for controller: DefaultController","timestamp":"2025-03-15T16:25:32.465Z"}
{"level":"info","message":"Express application configuration completed","timestamp":"2025-03-15T16:25:32.469Z"}
{"level":"info","message":"Application initialization completed","timestamp":"2025-03-15T16:25:32.469Z"}
{"level":"info","message":"<%app_name%> running on http://localhost:4000","timestamp":"2025-03-15T16:25:32.472Z"}
{"level":"info","message":"Initializing...","timestamp":"2025-03-15T16:25:45.281Z"}
{"level":"info","message":"Starting IoC container initialization...","timestamp":"2025-03-15T16:25:45.284Z"}
{"level":"info","message":"1 Controller found","timestamp":"2025-03-15T16:25:45.284Z"}
{"level":"info","message":"Binding controller: DefaultController","timestamp":"2025-03-15T16:25:45.288Z"}
{"level":"info","message":"1 Service found","timestamp":"2025-03-15T16:25:45.288Z"}
{"level":"info","message":"Binding service: DefaultService","timestamp":"2025-03-15T16:25:45.288Z"}
{"level":"info","message":"IoC container initialization completed","timestamp":"2025-03-15T16:25:45.289Z"}
{"level":"info","message":"Configuring Express application...","timestamp":"2025-03-15T16:25:45.289Z"}
{"level":"info","message":"Binding routes for controller: DefaultController","timestamp":"2025-03-15T16:25:45.291Z"}
{"level":"info","message":"Express application configuration completed","timestamp":"2025-03-15T16:25:45.294Z"}
{"level":"info","message":"Application initialization completed","timestamp":"2025-03-15T16:25:45.294Z"}
{"level":"info","message":"<%app_name%> running on http://localhost:4000","timestamp":"2025-03-15T16:25:45.296Z"}
{"level":"info","message":"Initializing...","timestamp":"2025-03-15T16:26:12.877Z"}
{"level":"info","message":"Starting IoC container initialization...","timestamp":"2025-03-15T16:26:12.880Z"}
{"level":"info","message":"1 Controller found","timestamp":"2025-03-15T16:26:12.880Z"}
{"level":"info","message":"Binding controller: DefaultController","timestamp":"2025-03-15T16:26:12.884Z"}
{"level":"info","message":"1 Service found","timestamp":"2025-03-15T16:26:12.884Z"}
{"level":"info","message":"Binding service: DefaultService","timestamp":"2025-03-15T16:26:12.885Z"}
{"level":"info","message":"IoC container initialization completed","timestamp":"2025-03-15T16:26:12.885Z"}
{"level":"info","message":"Configuring Express application...","timestamp":"2025-03-15T16:26:12.885Z"}
{"level":"info","message":"Binding routes for controller: DefaultController","timestamp":"2025-03-15T16:26:12.888Z"}
{"level":"info","message":"Express application configuration completed","timestamp":"2025-03-15T16:26:12.891Z"}
{"level":"info","message":"Application initialization completed","timestamp":"2025-03-15T16:26:12.891Z"}
{"level":"info","message":"<%app_name%> running on http://localhost:4000","timestamp":"2025-03-15T16:26:12.893Z"}
{"level":"info","message":"Initializing...","timestamp":"2025-03-15T16:26:30.320Z"}
{"level":"info","message":"Starting IoC container initialization...","timestamp":"2025-03-15T16:26:30.324Z"}
{"level":"info","message":"1 Controller found","timestamp":"2025-03-15T16:26:30.324Z"}
{"level":"info","message":"Binding controller: DefaultController","timestamp":"2025-03-15T16:26:30.328Z"}
{"level":"info","message":"1 Service found","timestamp":"2025-03-15T16:26:30.328Z"}
{"level":"info","message":"Binding service: DefaultService","timestamp":"2025-03-15T16:26:30.329Z"}
{"level":"info","message":"IoC container initialization completed","timestamp":"2025-03-15T16:26:30.329Z"}
{"level":"info","message":"Configuring Express application...","timestamp":"2025-03-15T16:26:30.329Z"}
{"level":"info","message":"Binding routes for controller: DefaultController","timestamp":"2025-03-15T16:26:30.332Z"}
{"level":"info","message":"Express application configuration completed","timestamp":"2025-03-15T16:26:30.336Z"}
{"level":"info","message":"Application initialization completed","timestamp":"2025-03-15T16:26:30.336Z"}
{"level":"info","message":"<%app_name%> running on http://localhost:4000","timestamp":"2025-03-15T16:26:30.339Z"}
{"level":"info","message":"Initializing...","timestamp":"2025-03-15T16:26:34.911Z"}
{"level":"info","message":"Starting IoC container initialization...","timestamp":"2025-03-15T16:26:34.914Z"}
{"level":"info","message":"1 Controller found","timestamp":"2025-03-15T16:26:34.915Z"}
{"level":"info","message":"Binding controller: DefaultController","timestamp":"2025-03-15T16:26:34.920Z"}
{"level":"info","message":"1 Service found","timestamp":"2025-03-15T16:26:34.921Z"}
{"level":"info","message":"Binding service: DefaultService","timestamp":"2025-03-15T16:26:34.921Z"}
{"level":"info","message":"IoC container initialization completed","timestamp":"2025-03-15T16:26:34.921Z"}
{"level":"info","message":"Configuring Express application...","timestamp":"2025-03-15T16:26:34.922Z"}
{"level":"info","message":"Binding routes for controller: DefaultController","timestamp":"2025-03-15T16:26:34.926Z"}
{"level":"info","message":"Express application configuration completed","timestamp":"2025-03-15T16:26:34.930Z"}
{"level":"info","message":"Application initialization completed","timestamp":"2025-03-15T16:26:34.930Z"}
{"level":"info","message":"<%app_name%> running on http://localhost:4000","timestamp":"2025-03-15T16:26:34.933Z"}
{"level":"info","message":"Initializing...","timestamp":"2025-03-15T16:26:42.894Z"}
{"level":"info","message":"Starting IoC container initialization...","timestamp":"2025-03-15T16:26:42.897Z"}
{"level":"info","message":"1 Controller found","timestamp":"2025-03-15T16:26:42.897Z"}
{"level":"info","message":"Binding controller: DefaultController","timestamp":"2025-03-15T16:26:42.903Z"}
{"level":"info","message":"1 Service found","timestamp":"2025-03-15T16:26:42.904Z"}
{"level":"info","message":"Binding service: DefaultService","timestamp":"2025-03-15T16:26:42.905Z"}
{"level":"info","message":"IoC container initialization completed","timestamp":"2025-03-15T16:26:42.905Z"}
{"level":"info","message":"Configuring Express application...","timestamp":"2025-03-15T16:26:42.906Z"}
{"level":"info","message":"Binding routes for controller: DefaultController","timestamp":"2025-03-15T16:26:42.909Z"}
{"level":"info","message":"Express application configuration completed","timestamp":"2025-03-15T16:26:42.913Z"}
{"level":"info","message":"Application initialization completed","timestamp":"2025-03-15T16:26:42.913Z"}
{"level":"info","message":"<%app_name%> running on http://localhost:4000","timestamp":"2025-03-15T16:26:42.916Z"}
{"level":"info","message":"Initializing...","timestamp":"2025-03-15T16:27:30.322Z"}
{"level":"info","message":"Starting IoC container initialization...","timestamp":"2025-03-15T16:27:30.325Z"}
{"level":"info","message":"1 Controller found","timestamp":"2025-03-15T16:27:30.325Z"}
{"level":"info","message":"Binding controller: DefaultController","timestamp":"2025-03-15T16:27:30.330Z"}
{"level":"info","message":"1 Service found","timestamp":"2025-03-15T16:27:30.331Z"}
{"level":"info","message":"Binding service: DefaultService","timestamp":"2025-03-15T16:27:30.331Z"}
{"level":"info","message":"IoC container initialization completed","timestamp":"2025-03-15T16:27:30.331Z"}
{"level":"info","message":"Configuring Express application...","timestamp":"2025-03-15T16:27:30.331Z"}
{"level":"info","message":"Binding routes for controller: DefaultController","timestamp":"2025-03-15T16:27:30.334Z"}
{"level":"info","message":"Express application configuration completed","timestamp":"2025-03-15T16:27:30.337Z"}
{"level":"info","message":"Application initialization completed","timestamp":"2025-03-15T16:27:30.337Z"}
{"level":"info","message":"<%app_name%> running on http://localhost:4000","timestamp":"2025-03-15T16:27:30.339Z"}
{"level":"info","message":"Initializing...","timestamp":"2025-03-15T16:27:36.561Z"}
{"level":"info","message":"Starting IoC container initialization...","timestamp":"2025-03-15T16:27:36.564Z"}
{"level":"info","message":"1 Controller found","timestamp":"2025-03-15T16:27:36.564Z"}
{"level":"info","message":"Binding controller: DefaultController","timestamp":"2025-03-15T16:27:36.568Z"}
{"level":"info","message":"1 Service found","timestamp":"2025-03-15T16:27:36.569Z"}
{"level":"info","message":"Binding service: DefaultService","timestamp":"2025-03-15T16:27:36.569Z"}
{"level":"info","message":"IoC container initialization completed","timestamp":"2025-03-15T16:27:36.570Z"}
{"level":"info","message":"Configuring Express application...","timestamp":"2025-03-15T16:27:36.570Z"}
{"level":"info","message":"Binding routes for controller: DefaultController","timestamp":"2025-03-15T16:27:36.573Z"}
{"level":"info","message":"Express application configuration completed","timestamp":"2025-03-15T16:27:36.576Z"}
{"level":"info","message":"Application initialization completed","timestamp":"2025-03-15T16:27:36.576Z"}
{"level":"info","message":"<%app_name%> running on http://localhost:4000","timestamp":"2025-03-15T16:27:36.579Z"}
{"level":"info","message":"Initializing...","timestamp":"2025-03-15T16:28:01.184Z"}
{"level":"info","message":"Starting IoC container initialization...","timestamp":"2025-03-15T16:28:01.187Z"}
{"level":"info","message":"1 Controller found","timestamp":"2025-03-15T16:28:01.187Z"}
{"level":"info","message":"Binding controller: DefaultController","timestamp":"2025-03-15T16:28:01.322Z"}
{"level":"info","message":"1 Service found","timestamp":"2025-03-15T16:28:01.323Z"}
{"level":"info","message":"Binding service: DefaultService","timestamp":"2025-03-15T16:28:01.323Z"}
{"level":"info","message":"IoC container initialization completed","timestamp":"2025-03-15T16:28:01.323Z"}
{"level":"info","message":"Configuring Express application...","timestamp":"2025-03-15T16:28:01.324Z"}
{"level":"info","message":"Binding routes for controller: DefaultController","timestamp":"2025-03-15T16:28:01.326Z"}
{"level":"info","message":"Express application configuration completed","timestamp":"2025-03-15T16:28:01.330Z"}
{"level":"info","message":"Application initialization completed","timestamp":"2025-03-15T16:28:01.330Z"}
{"level":"info","message":"<%app_name%> running on http://localhost:4000","timestamp":"2025-03-15T16:28:01.333Z"}
{"level":"info","message":"Initializing...","timestamp":"2025-03-15T16:28:04.064Z"}
{"level":"info","message":"Starting IoC container initialization...","timestamp":"2025-03-15T16:28:04.067Z"}
{"level":"info","message":"1 Controller found","timestamp":"2025-03-15T16:28:04.068Z"}
{"level":"info","message":"Binding controller: DefaultController","timestamp":"2025-03-15T16:28:04.194Z"}
{"level":"info","message":"1 Service found","timestamp":"2025-03-15T16:28:04.194Z"}
{"level":"info","message":"Binding service: DefaultService","timestamp":"2025-03-15T16:28:04.195Z"}
{"level":"info","message":"IoC container initialization completed","timestamp":"2025-03-15T16:28:04.195Z"}
{"level":"info","message":"Configuring Express application...","timestamp":"2025-03-15T16:28:04.195Z"}
{"level":"info","message":"Binding routes for controller: DefaultController","timestamp":"2025-03-15T16:28:04.198Z"}
{"level":"info","message":"Express application configuration completed","timestamp":"2025-03-15T16:28:04.202Z"}
{"level":"info","message":"Application initialization completed","timestamp":"2025-03-15T16:28:04.202Z"}
{"level":"info","message":"<%app_name%> running on http://localhost:4000","timestamp":"2025-03-15T16:28:04.204Z"}
{"level":"info","message":"Initializing...","timestamp":"2025-03-15T16:28:08.931Z"}
{"level":"info","message":"Starting IoC container initialization...","timestamp":"2025-03-15T16:28:08.934Z"}
{"level":"info","message":"1 Controller found","timestamp":"2025-03-15T16:28:08.935Z"}
{"level":"info","message":"Binding controller: DefaultController","timestamp":"2025-03-15T16:28:09.050Z"}
{"level":"info","message":"1 Service found","timestamp":"2025-03-15T16:28:09.050Z"}
{"level":"info","message":"Binding service: DefaultService","timestamp":"2025-03-15T16:28:09.051Z"}
{"level":"info","message":"IoC container initialization completed","timestamp":"2025-03-15T16:28:09.051Z"}
{"level":"info","message":"Configuring Express application...","timestamp":"2025-03-15T16:28:09.051Z"}
{"level":"info","message":"Binding routes for controller: DefaultController","timestamp":"2025-03-15T16:28:09.054Z"}
{"level":"info","message":"Express application configuration completed","timestamp":"2025-03-15T16:28:09.058Z"}
{"level":"info","message":"Application initialization completed","timestamp":"2025-03-15T16:28:09.058Z"}
{"level":"info","message":"<%app_name%> running on http://localhost:4000","timestamp":"2025-03-15T16:28:09.060Z"}
{"level":"info","message":"Initializing...","timestamp":"2025-03-15T16:28:11.494Z"}
{"level":"info","message":"Starting IoC container initialization...","timestamp":"2025-03-15T16:28:11.497Z"}
{"level":"info","message":"1 Controller found","timestamp":"2025-03-15T16:28:11.497Z"}
{"level":"info","message":"Binding controller: DefaultController","timestamp":"2025-03-15T16:28:11.606Z"}
{"level":"info","message":"1 Service found","timestamp":"2025-03-15T16:28:11.607Z"}
{"level":"info","message":"Binding service: DefaultService","timestamp":"2025-03-15T16:28:11.607Z"}
{"level":"info","message":"IoC container initialization completed","timestamp":"2025-03-15T16:28:11.608Z"}
{"level":"info","message":"Configuring Express application...","timestamp":"2025-03-15T16:28:11.608Z"}
{"level":"info","message":"Binding routes for controller: DefaultController","timestamp":"2025-03-15T16:28:11.611Z"}
{"level":"info","message":"Express application configuration completed","timestamp":"2025-03-15T16:28:11.614Z"}
{"level":"info","message":"Application initialization completed","timestamp":"2025-03-15T16:28:11.615Z"}
{"level":"info","message":"<%app_name%> running on http://localhost:4000","timestamp":"2025-03-15T16:28:11.617Z"}
{"level":"info","message":"Initializing...","timestamp":"2025-03-15T16:29:16.225Z"}
{"level":"info","message":"Starting IoC container initialization...","timestamp":"2025-03-15T16:29:16.228Z"}
{"level":"info","message":"1 Controller found","timestamp":"2025-03-15T16:29:16.228Z"}
{"level":"info","message":"Binding controller: DefaultController","timestamp":"2025-03-15T16:29:16.341Z"}
{"level":"info","message":"1 Service found","timestamp":"2025-03-15T16:29:16.341Z"}
{"level":"info","message":"Binding service: DefaultService","timestamp":"2025-03-15T16:29:16.341Z"}
{"level":"info","message":"IoC container initialization completed","timestamp":"2025-03-15T16:29:16.342Z"}
{"level":"info","message":"Configuring Express application...","timestamp":"2025-03-15T16:29:16.342Z"}
{"level":"info","message":"Binding routes for controller: DefaultController","timestamp":"2025-03-15T16:29:16.344Z"}
{"level":"info","message":"Express application configuration completed","timestamp":"2025-03-15T16:29:16.347Z"}
{"level":"info","message":"Application initialization completed","timestamp":"2025-03-15T16:29:16.347Z"}
{"level":"info","message":"<%app_name%> running on http://localhost:4000","timestamp":"2025-03-15T16:29:16.349Z"}
{"level":"info","message":"Initializing...","timestamp":"2025-03-15T16:29:33.697Z"}
{"level":"info","message":"Starting IoC container initialization...","timestamp":"2025-03-15T16:29:33.701Z"}
{"level":"info","message":"1 Controller found","timestamp":"2025-03-15T16:29:33.701Z"}
{"level":"info","message":"Binding controller: DefaultController","timestamp":"2025-03-15T16:29:33.816Z"}
{"level":"info","message":"1 Service found","timestamp":"2025-03-15T16:29:33.817Z"}
{"level":"info","message":"Binding service: DefaultService","timestamp":"2025-03-15T16:29:33.817Z"}
{"level":"info","message":"IoC container initialization completed","timestamp":"2025-03-15T16:29:33.818Z"}
{"level":"info","message":"Configuring Express application...","timestamp":"2025-03-15T16:29:33.818Z"}
{"level":"info","message":"Binding routes for controller: DefaultController","timestamp":"2025-03-15T16:29:33.821Z"}
{"level":"info","message":"Express application configuration completed","timestamp":"2025-03-15T16:29:33.824Z"}
{"level":"info","message":"Application initialization completed","timestamp":"2025-03-15T16:29:33.825Z"}
{"level":"info","message":"<%app_name%> running on http://localhost:4000","timestamp":"2025-03-15T16:29:33.827Z"}
